#
# There is insufficient memory for the Java Runtime Environment to continue.
# Native memory allocation (malloc) failed to allocate 136314880 bytes for committing reserved memory.
# Possible reasons:
#   The system is out of physical RAM or swap space
#   In 32 bit mode, the process size limit was hit
# Possible solutions:
#   Reduce memory load on the system
#   Increase physical memory or swap space
#   Check if swap backing store is full
#   Use 64 bit Java on a 64 bit OS
#   Decrease Java heap size (-Xmx/-Xms)
#   Decrease number of Java threads
#   Decrease Java thread stack sizes (-Xss)
#   Set larger code cache with -XX:ReservedCodeCacheSize=
# This output file may be truncated or incomplete.
#
#  Out of Memory Error (os_linux.cpp:2827), pid=19558, tid=140357399095040
#
# JRE version: OpenJDK Runtime Environment (7.0_95) (build 1.7.0_95-b00)
# Java VM: OpenJDK 64-Bit Server VM (24.95-b01 mixed mode linux-amd64 compressed oops)
# Derivative: IcedTea 2.6.4
# Distribution: Ubuntu 14.04.3 LTS, package 7u95-2.6.4-0ubuntu0.14.04.1
# Failed to write core dump. Core dumps have been disabled. To enable core dumping, try "ulimit -c unlimited" before starting Java again
#

---------------  T H R E A D  ---------------

Current thread (0x00007fa78c07a000):  VMThread [stack: 0x00007fa780da2000,0x00007fa780ea3000] [id=19581]

Stack: [0x00007fa780da2000,0x00007fa780ea3000],  sp=0x00007fa780ea1490,  free space=1021k
Native frames: (J=compiled Java code, j=interpreted, Vv=VM code, C=native code)
V  [libjvm.so+0x9550e5]
V  [libjvm.so+0x4902b4]
V  [libjvm.so+0x7cf7bb]
V  [libjvm.so+0x7ca28f]
V  [libjvm.so+0x83e56b]
V  [libjvm.so+0x83f3e0]
V  [libjvm.so+0x83facb]
V  [libjvm.so+0x83b4d8]
V  [libjvm.so+0x83bd48]
V  [libjvm.so+0x7f1fd3]
V  [libjvm.so+0x956ae4]
V  [libjvm.so+0x95abe7]
V  [libjvm.so+0x9596a8]
V  [libjvm.so+0x959b09]
V  [libjvm.so+0x959f52]
V  [libjvm.so+0x7cc682]

VM_Operation (0x00007fa77a62d270): ParallelGCFailedAllocation, mode: safepoint, requested by thread 0x00007fa78c197800


---------------  P R O C E S S  ---------------

Java Threads: ( => current thread )
  0x00007fa78c19d800 JavaThread "pool-1-thread-4" [_thread_blocked, id=19606, stack(0x00007fa77a12a000,0x00007fa77a22b000)]
  0x00007fa78c19c800 JavaThread "pool-1-thread-3" [_thread_blocked, id=19605, stack(0x00007fa77a22b000,0x00007fa77a32c000)]
  0x00007fa78c19a800 JavaThread "pool-1-thread-2" [_thread_blocked, id=19604, stack(0x00007fa77a32c000,0x00007fa77a42d000)]
  0x00007fa78c199800 JavaThread "pool-2-thread-1" [_thread_blocked, id=19603, stack(0x00007fa77a42d000,0x00007fa77a52e000)]
  0x00007fa78c197800 JavaThread "pool-1-thread-1" [_thread_blocked, id=19602, stack(0x00007fa77a52e000,0x00007fa77a62f000)]
  0x00007fa78c0b5000 JavaThread "Service Thread" daemon [_thread_blocked, id=19595, stack(0x00007fa77beff000,0x00007fa77c000000)]
  0x00007fa78c0b2800 JavaThread "C2 CompilerThread1" daemon [_thread_blocked, id=19594, stack(0x00007fa780085000,0x00007fa780186000)]
  0x00007fa78c0af800 JavaThread "C2 CompilerThread0" daemon [_thread_blocked, id=19593, stack(0x00007fa780186000,0x00007fa780287000)]
  0x00007fa78c0ad800 JavaThread "Signal Dispatcher" daemon [_thread_blocked, id=19592, stack(0x00007fa780287000,0x00007fa780388000)]
  0x00007fa78c080800 JavaThread "Finalizer" daemon [_thread_blocked, id=19584, stack(0x00007fa780ba0000,0x00007fa780ca1000)]
  0x00007fa78c07e800 JavaThread "Reference Handler" daemon [_thread_blocked, id=19583, stack(0x00007fa780ca1000,0x00007fa780da2000)]
  0x00007fa78c00a800 JavaThread "main" [_thread_blocked, id=19564, stack(0x00007fa793d4f000,0x00007fa793e50000)]

Other Threads:
=>0x00007fa78c07a000 VMThread [stack: 0x00007fa780da2000,0x00007fa780ea3000] [id=19581]
  0x00007fa78c0bf800 WatcherThread [stack: 0x00007fa77bdfe000,0x00007fa77beff000] [id=19596]

VM state:at safepoint (normal execution)

VM Mutex/Monitor currently owned by a thread:  ([mutex/lock_event])
[0x00007fa78c006ac0] Threads_lock - owner thread: 0x00007fa78c07a000
[0x00007fa78c006fc0] Heap_lock - owner thread: 0x00007fa78c197800
[0x00007fa78c0075c0] MethodData_lock - owner thread: 0x00007fa78c19a800

Heap
 PSYoungGen      total 101888K, used 3577K [0x00000000eaa80000, 0x00000000f1180000, 0x0000000100000000)
  eden space 98304K, 0% used [0x00000000eaa80000,0x00000000eaa80000,0x00000000f0a80000)
  from space 3584K, 99% used [0x00000000f0a80000,0x00000000f0dfe608,0x00000000f0e00000)
  to   space 3584K, 0% used [0x00000000f0e00000,0x00000000f0e00000,0x00000000f1180000)
 ParOldGen       total 63488K, used 35580K [0x00000000c0000000, 0x00000000c3e00000, 0x00000000eaa80000)
  object space 63488K, 56% used [0x00000000c0000000,0x00000000c22bf0d8,0x00000000c3e00000)
 PSPermGen       total 21504K, used 6281K [0x00000000b5a00000, 0x00000000b6f00000, 0x00000000c0000000)
  object space 21504K, 29% used [0x00000000b5a00000,0x00000000b6022588,0x00000000b6f00000)

Card table byte_map: [0x00007fa7906d4000,0x00007fa790928000] byte_map_base: 0x00007fa790127000

Polling page: 0x00007fa793e55000

Code Cache  [0x00007fa789000000, 0x00007fa789270000, 0x00007fa78c000000)
 total_blobs=609 nmethods=379 adapters=184 free_code_cache=47459Kb largest_free_block=48448000

Compilation events (10 events):
Event: 16,730 Thread 0x00007fa78c0b2800 nmethod 383 0x00007fa78918dd50 code [0x00007fa78918de80, 0x00007fa78918ded8]
Event: 16,730 Thread 0x00007fa78c0b2800  384             com.android.dx.ssa.RegisterMapper::<init> (5 bytes)
Event: 16,731 Thread 0x00007fa78c0b2800 nmethod 384 0x00007fa78919f550 code [0x00007fa78919f680, 0x00007fa78919f6d8]
Event: 16,734 Thread 0x00007fa78c0b2800  385             com.android.dx.rop.cst.CstString::isCategory2 (2 bytes)
Event: 16,734 Thread 0x00007fa78c0b2800 nmethod 385 0x00007fa78919e350 code [0x00007fa78919e480, 0x00007fa78919e4d8]
Event: 16,734 Thread 0x00007fa78c0b2800  386             com.android.dx.rop.cst.TypedConstant::<init> (5 bytes)
Event: 16,735 Thread 0x00007fa78c0b2800 nmethod 386 0x00007fa78919e150 code [0x00007fa78919e280, 0x00007fa78919e2d8]
Event: 16,735 Thread 0x00007fa78c0b2800  387             com.android.dx.rop.cst.StdConstantPool::set (123 bytes)
Event: 16,750 Thread 0x00007fa78c0b2800 nmethod 387 0x00007fa7891838d0 code [0x00007fa789183a60, 0x00007fa789183d78]
Event: 16,750 Thread 0x00007fa78c0b2800  388             com.android.dx.cf.cst.ConstantPoolParser::parse (365 bytes)

GC Heap History (9 events):
Event: 3,105 GC heap before
{Heap before GC invocations=1 (full 0):
 PSYoungGen      total 28160K, used 24576K [0x00000000eaa80000, 0x00000000ec980000, 0x0000000100000000)
  eden space 24576K, 100% used [0x00000000eaa80000,0x00000000ec280000,0x00000000ec280000)
  from space 3584K, 0% used [0x00000000ec600000,0x00000000ec600000,0x00000000ec980000)
  to   space 3584K, 0% used [0x00000000ec280000,0x00000000ec280000,0x00000000ec600000)
 ParOldGen       total 63488K, used 0K [0x00000000c0000000, 0x00000000c3e00000, 0x00000000eaa80000)
  object space 63488K, 0% used [0x00000000c0000000,0x00000000c0000000,0x00000000c3e00000)
 PSPermGen       total 21504K, used 5950K [0x00000000b5a00000, 0x00000000b6f00000, 0x00000000c0000000)
  object space 21504K, 27% used [0x00000000b5a00000,0x00000000b5fcfab8,0x00000000b6f00000)
Event: 3,148 GC heap after
Heap after GC invocations=1 (full 0):
 PSYoungGen      total 28160K, used 3555K [0x00000000eaa80000, 0x00000000ee180000, 0x0000000100000000)
  eden space 24576K, 0% used [0x00000000eaa80000,0x00000000eaa80000,0x00000000ec280000)
  from space 3584K, 99% used [0x00000000ec280000,0x00000000ec5f8ec8,0x00000000ec600000)
  to   space 3584K, 0% used [0x00000000ede00000,0x00000000ede00000,0x00000000ee180000)
 ParOldGen       total 63488K, used 846K [0x00000000c0000000, 0x00000000c3e00000, 0x00000000eaa80000)
  object space 63488K, 1% used [0x00000000c0000000,0x00000000c00d3818,0x00000000c3e00000)
 PSPermGen       total 21504K, used 5950K [0x00000000b5a00000, 0x00000000b6f00000, 0x00000000c0000000)
  object space 21504K, 27% used [0x00000000b5a00000,0x00000000b5fcfab8,0x00000000b6f00000)
}
Event: 5,537 GC heap before
{Heap before GC invocations=2 (full 0):
 PSYoungGen      total 28160K, used 28131K [0x00000000eaa80000, 0x00000000ee180000, 0x0000000100000000)
  eden space 24576K, 100% used [0x00000000eaa80000,0x00000000ec280000,0x00000000ec280000)
  from space 3584K, 99% used [0x00000000ec280000,0x00000000ec5f8ec8,0x00000000ec600000)
  to   space 3584K, 0% used [0x00000000ede00000,0x00000000ede00000,0x00000000ee180000)
 ParOldGen       total 63488K, used 846K [0x00000000c0000000, 0x00000000c3e00000, 0x00000000eaa80000)
  object space 63488K, 1% used [0x00000000c0000000,0x00000000c00d3818,0x00000000c3e00000)
 PSPermGen       total 21504K, used 6127K [0x00000000b5a00000, 0x00000000b6f00000, 0x00000000c0000000)
  object space 21504K, 28% used [0x00000000b5a00000,0x00000000b5ffbdf0,0x00000000b6f00000)
Event: 5,563 GC heap after
Heap after GC invocations=2 (full 0):
 PSYoungGen      total 52736K, used 3575K [0x00000000eaa80000, 0x00000000ee180000, 0x0000000100000000)
  eden space 49152K, 0% used [0x00000000eaa80000,0x00000000eaa80000,0x00000000eda80000)
  from space 3584K, 99% used [0x00000000ede00000,0x00000000ee17dc70,0x00000000ee180000)
  to   space 3584K, 0% used [0x00000000eda80000,0x00000000eda80000,0x00000000ede00000)
 ParOldGen       total 63488K, used 3588K [0x00000000c0000000, 0x00000000c3e00000, 0x00000000eaa80000)
  object space 63488K, 5% used [0x00000000c0000000,0x00000000c0381100,0x00000000c3e00000)
 PSPermGen       total 21504K, used 6127K [0x00000000b5a00000, 0x00000000b6f00000, 0x00000000c0000000)
  object space 21504K, 28% used [0x00000000b5a00000,0x00000000b5ffbdf0,0x00000000b6f00000)
}
Event: 8,858 GC heap before
{Heap before GC invocations=3 (full 0):
 PSYoungGen      total 52736K, used 52727K [0x00000000eaa80000, 0x00000000ee180000, 0x0000000100000000)
  eden space 49152K, 100% used [0x00000000eaa80000,0x00000000eda80000,0x00000000eda80000)
  from space 3584K, 99% used [0x00000000ede00000,0x00000000ee17dc70,0x00000000ee180000)
  to   space 3584K, 0% used [0x00000000eda80000,0x00000000eda80000,0x00000000ede00000)
 ParOldGen       total 63488K, used 3588K [0x00000000c0000000, 0x00000000c3e00000, 0x00000000eaa80000)
  object space 63488K, 5% used [0x00000000c0000000,0x00000000c0381100,0x00000000c3e00000)
 PSPermGen       total 21504K, used 6191K [0x00000000b5a00000, 0x00000000b6f00000, 0x00000000c0000000)
  object space 21504K, 28% used [0x00000000b5a00000,0x00000000b600bfc0,0x00000000b6f00000)
Event: 8,923 GC heap after
Heap after GC invocations=3 (full 0):
 PSYoungGen      total 52736K, used 3562K [0x00000000eaa80000, 0x00000000f1180000, 0x0000000100000000)
  eden space 49152K, 0% used [0x00000000eaa80000,0x00000000eaa80000,0x00000000eda80000)
  from space 3584K, 99% used [0x00000000eda80000,0x00000000eddfab48,0x00000000ede00000)
  to   space 3584K, 0% used [0x00000000f0e00000,0x00000000f0e00000,0x00000000f1180000)
 ParOldGen       total 63488K, used 11870K [0x00000000c0000000, 0x00000000c3e00000, 0x00000000eaa80000)
  object space 63488K, 18% used [0x00000000c0000000,0x00000000c0b97aa0,0x00000000c3e00000)
 PSPermGen       total 21504K, used 6191K [0x00000000b5a00000, 0x00000000b6f00000, 0x00000000c0000000)
  object space 21504K, 28% used [0x00000000b5a00000,0x00000000b600bfc0,0x00000000b6f00000)
}
Event: 11,754 GC heap before
{Heap before GC invocations=4 (full 0):
 PSYoungGen      total 52736K, used 52714K [0x00000000eaa80000, 0x00000000f1180000, 0x0000000100000000)
  eden space 49152K, 100% used [0x00000000eaa80000,0x00000000eda80000,0x00000000eda80000)
  from space 3584K, 99% used [0x00000000eda80000,0x00000000eddfab48,0x00000000ede00000)
  to   space 3584K, 0% used [0x00000000f0e00000,0x00000000f0e00000,0x00000000f1180000)
 ParOldGen       total 63488K, used 11870K [0x00000000c0000000, 0x00000000c3e00000, 0x00000000eaa80000)
  object space 63488K, 18% used [0x00000000c0000000,0x00000000c0b97aa0,0x00000000c3e00000)
 PSPermGen       total 21504K, used 6237K [0x00000000b5a00000, 0x00000000b6f00000, 0x00000000c0000000)
  object space 21504K, 29% used [0x00000000b5a00000,0x00000000b6017768,0x00000000b6f00000)
Event: 11,859 GC heap after
Heap after GC invocations=4 (full 0):
 PSYoungGen      total 101888K, used 3578K [0x00000000eaa80000, 0x00000000f1180000, 0x0000000100000000)
  eden space 98304K, 0% used [0x00000000eaa80000,0x00000000eaa80000,0x00000000f0a80000)
  from space 3584K, 99% used [0x00000000f0e00000,0x00000000f117eb68,0x00000000f1180000)
  to   space 3584K, 0% used [0x00000000f0a80000,0x00000000f0a80000,0x00000000f0e00000)
 ParOldGen       total 63488K, used 20105K [0x00000000c0000000, 0x00000000c3e00000, 0x00000000eaa80000)
  object space 63488K, 31% used [0x00000000c0000000,0x00000000c13a2448,0x00000000c3e00000)
 PSPermGen       total 21504K, used 6237K [0x00000000b5a00000, 0x00000000b6f00000, 0x00000000c0000000)
  object space 21504K, 29% used [0x00000000b5a00000,0x00000000b6017768,0x00000000b6f00000)
}
Event: 16,787 GC heap before
{Heap before GC invocations=5 (full 0):
 PSYoungGen      total 101888K, used 101882K [0x00000000eaa80000, 0x00000000f1180000, 0x0000000100000000)
  eden space 98304K, 100% used [0x00000000eaa80000,0x00000000f0a80000,0x00000000f0a80000)
  from space 3584K, 99% used [0x00000000f0e00000,0x00000000f117eb68,0x00000000f1180000)
  to   space 3584K, 0% used [0x00000000f0a80000,0x00000000f0a80000,0x00000000f0e00000)
 ParOldGen       total 63488K, used 20105K [0x00000000c0000000, 0x00000000c3e00000, 0x00000000eaa80000)
  object space 63488K, 31% used [0x00000000c0000000,0x00000000c13a2448,0x00000000c3e00000)
 PSPermGen       total 21504K, used 6281K [0x00000000b5a00000, 0x00000000b6f00000, 0x00000000c0000000)
  object space 21504K, 29% used [0x00000000b5a00000,0x00000000b6022588,0x00000000b6f00000)

Deoptimization events (10 events):
Event: 12,048 Thread 0x00007fa78c00a800 Uncommon trap: reason=unstable_if action=reinterpret pc=0x00007fa78909ba3c method=java.util.HashMap.put(Ljava/lang/Object;Ljava/lang/Object;)Ljava/lang/Object; @ 86
Event: 12,599 Thread 0x00007fa78c19c800 Uncommon trap: reason=unstable_if action=reinterpret pc=0x00007fa78912e6d4 method=com.android.dx.ssa.SCCP.run()V @ 179
Event: 13,746 Thread 0x00007fa78c19c800 Uncommon trap: reason=unstable_if action=reinterpret pc=0x00007fa789122634 method=java.util.BitSet.ensureCapacity(I)V @ 6
Event: 14,969 Thread 0x00007fa78c00a800 Uncommon trap: reason=null_check action=make_not_entrant pc=0x00007fa789175f24 method=com.android.dx.rop.type.Type.putIntern(Lcom/android/dx/rop/type/Type;)Lcom/android/dx/rop/type/Type; @ 18
Event: 15,247 Thread 0x00007fa78c19a800 Uncommon trap: reason=bimorphic action=maybe_recompile pc=0x00007fa7890e6a94 method=com.android.dx.ssa.SCCP.simulatePhi(Lcom/android/dx/ssa/PhiInsn;)V @ 124
Event: 15,662 Thread 0x00007fa78c19a800 Uncommon trap: reason=bimorphic action=maybe_recompile pc=0x00007fa78914ba80 method=com.android.dx.cf.code.BytecodeArray.parseInstruction(ILcom/android/dx/cf/code/BytecodeArray$Visitor;)I @ 1501
Event: 15,668 Thread 0x00007fa78c19a800 Uncommon trap: reason=bimorphic action=maybe_recompile pc=0x00007fa78914ba80 method=com.android.dx.cf.code.BytecodeArray.parseInstruction(ILcom/android/dx/cf/code/BytecodeArray$Visitor;)I @ 1501
Event: 16,084 Thread 0x00007fa78c19a800 Uncommon trap: reason=bimorphic action=maybe_recompile pc=0x00007fa78914ba80 method=com.android.dx.cf.code.BytecodeArray.parseInstruction(ILcom/android/dx/cf/code/BytecodeArray$Visitor;)I @ 1501
Event: 16,085 Thread 0x00007fa78c19a800 Uncommon trap: reason=bimorphic action=maybe_recompile pc=0x00007fa78914ba80 method=com.android.dx.cf.code.BytecodeArray.parseInstruction(ILcom/android/dx/cf/code/BytecodeArray$Visitor;)I @ 1501
Event: 16,294 Thread 0x00007fa78c19c800 Uncommon trap: reason=unstable_if action=reinterpret pc=0x00007fa78916c448 method=com.android.dx.dex.code.RopTranslator.pickOrder()V @ 130

Internal exceptions (10 events):
Event: 2,601 Thread 0x00007fa78c19c800 Threw 0x00000000ebe30f00 at /build/openjdk-7-2FOwCu/openjdk-7-7u95-2.6.4/build/openjdk/hotspot/src/share/vm/prims/jvm.cpp:1322
Event: 2,782 Thread 0x00007fa78c00a800 Threw 0x00000000ebf11890 at /build/openjdk-7-2FOwCu/openjdk-7-7u95-2.6.4/build/openjdk/hotspot/src/share/vm/prims/jvm.cpp:1322
Event: 2,809 Thread 0x00007fa78c19d800 Implicit null exception at 0x00007fa789085561 to 0x00007fa789085749
Event: 4,218 Thread 0x00007fa78c19a800 Implicit null exception at 0x00007fa7890c0626 to 0x00007fa7890c139d
Event: 5,841 Thread 0x00007fa78c19d800 Threw 0x00000000ead4bbd0 at /build/openjdk-7-2FOwCu/openjdk-7-7u95-2.6.4/build/openjdk/hotspot/src/share/vm/prims/jvm.cpp:1322
Event: 7,359 Thread 0x00007fa78c197800 Implicit null exception at 0x00007fa7890939d2 to 0x00007fa789093ac3
Event: 8,281 Thread 0x00007fa78c19c800 Threw 0x00000000ed1e0988 at /build/openjdk-7-2FOwCu/openjdk-7-7u95-2.6.4/build/openjdk/hotspot/src/share/vm/prims/jvm.cpp:1322
Event: 10,368 Thread 0x00007fa78c19a800 Implicit null exception at 0x00007fa78910ab64 to 0x00007fa78910ee21
Event: 11,299 Thread 0x00007fa78c00a800 Threw 0x00000000ed0e8c50 at /build/openjdk-7-2FOwCu/openjdk-7-7u95-2.6.4/build/openjdk/hotspot/src/share/vm/prims/jvm.cpp:1322
Event: 14,969 Thread 0x00007fa78c00a800 Implicit null exception at 0x00007fa78917571f to 0x00007fa789175f14

Events (10 events):
Event: 16,084 Thread 0x00007fa78c19a800 DEOPT PACKING pc=0x00007fa78914ba80 sp=0x00007fa77a42b030
Event: 16,084 Thread 0x00007fa78c19a800 DEOPT UNPACKING pc=0x00007fa789039045 sp=0x00007fa77a42afe0 mode 2
Event: 16,085 Thread 0x00007fa78c19a800 Uncommon trap: trap_request=0xffffffc6 fr.pc=0x00007fa78914ba80
Event: 16,085 Thread 0x00007fa78c19a800 DEOPT PACKING pc=0x00007fa78914ba80 sp=0x00007fa77a42b030
Event: 16,085 Thread 0x00007fa78c19a800 DEOPT UNPACKING pc=0x00007fa789039045 sp=0x00007fa77a42afe0 mode 2
Event: 16,294 Thread 0x00007fa78c19c800 Uncommon trap: trap_request=0xffffff75 fr.pc=0x00007fa78916c448
Event: 16,294 Thread 0x00007fa78c19c800 DEOPT PACKING pc=0x00007fa78916c448 sp=0x00007fa77a32a310
Event: 16,294 Thread 0x00007fa78c19c800 DEOPT UNPACKING pc=0x00007fa789039045 sp=0x00007fa77a32a2a8 mode 2
Event: 16,699 Thread 0x00007fa78c0b2800 flushing nmethod 0x00007fa789108290
Event: 16,777 Executing VM operation: ParallelGCFailedAllocation


Dynamic libraries:
00400000-00401000 r-xp 00000000 fc:01 59900279                           /usr/lib/jvm/java-7-openjdk-amd64/jre/bin/java
00600000-00601000 r--p 00000000 fc:01 59900279                           /usr/lib/jvm/java-7-openjdk-amd64/jre/bin/java
00601000-00602000 rw-p 00001000 fc:01 59900279                           /usr/lib/jvm/java-7-openjdk-amd64/jre/bin/java
01d99000-01dba000 rw-p 00000000 00:00 0                                  [heap]
b5a00000-b6f00000 rw-p 00000000 00:00 0 
b6f00000-c0000000 rw-p 00000000 00:00 0 
c0000000-c3e00000 rw-p 00000000 00:00 0 
c3e00000-eaa80000 rw-p 00000000 00:00 0 
eaa80000-f1180000 rw-p 00000000 00:00 0 
f9380000-100000000 rw-p 00000000 00:00 0 
7fa72c000000-7fa72c02f000 rw-p 00000000 00:00 0 
7fa72c02f000-7fa730000000 ---p 00000000 00:00 0 
7fa730000000-7fa730021000 rw-p 00000000 00:00 0 
7fa730021000-7fa734000000 ---p 00000000 00:00 0 
7fa734000000-7fa734021000 rw-p 00000000 00:00 0 
7fa734021000-7fa738000000 ---p 00000000 00:00 0 
7fa738000000-7fa73802a000 rw-p 00000000 00:00 0 
7fa73802a000-7fa73c000000 ---p 00000000 00:00 0 
7fa73c000000-7fa73c021000 rw-p 00000000 00:00 0 
7fa73c021000-7fa740000000 ---p 00000000 00:00 0 
7fa740000000-7fa740027000 rw-p 00000000 00:00 0 
7fa740027000-7fa744000000 ---p 00000000 00:00 0 
7fa744000000-7fa74547c000 rw-p 00000000 00:00 0 
7fa74547c000-7fa748000000 ---p 00000000 00:00 0 
7fa748000000-7fa748021000 rw-p 00000000 00:00 0 
7fa748021000-7fa74c000000 ---p 00000000 00:00 0 
7fa74c000000-7fa74c021000 rw-p 00000000 00:00 0 
7fa74c021000-7fa750000000 ---p 00000000 00:00 0 
7fa750000000-7fa751a66000 rw-p 00000000 00:00 0 
7fa751a66000-7fa754000000 ---p 00000000 00:00 0 
7fa754000000-7fa754021000 rw-p 00000000 00:00 0 
7fa754021000-7fa758000000 ---p 00000000 00:00 0 
7fa758000000-7fa758021000 rw-p 00000000 00:00 0 
7fa758021000-7fa75c000000 ---p 00000000 00:00 0 
7fa75c000000-7fa75c021000 rw-p 00000000 00:00 0 
7fa75c021000-7fa760000000 ---p 00000000 00:00 0 
7fa760000000-7fa760021000 rw-p 00000000 00:00 0 
7fa760021000-7fa764000000 ---p 00000000 00:00 0 
7fa764000000-7fa764021000 rw-p 00000000 00:00 0 
7fa764021000-7fa768000000 ---p 00000000 00:00 0 
7fa76c000000-7fa76c021000 rw-p 00000000 00:00 0 
7fa76c021000-7fa770000000 ---p 00000000 00:00 0 
7fa774000000-7fa774021000 rw-p 00000000 00:00 0 
7fa774021000-7fa778000000 ---p 00000000 00:00 0 
7fa77a12a000-7fa77a12d000 ---p 00000000 00:00 0 
7fa77a12d000-7fa77a22b000 rw-p 00000000 00:00 0                          [stack:19606]
7fa77a22b000-7fa77a22e000 ---p 00000000 00:00 0 
7fa77a22e000-7fa77a32c000 rw-p 00000000 00:00 0                          [stack:19605]
7fa77a32c000-7fa77a32f000 ---p 00000000 00:00 0 
7fa77a32f000-7fa77a42d000 rw-p 00000000 00:00 0                          [stack:19604]
7fa77a42d000-7fa77a430000 ---p 00000000 00:00 0 
7fa77a430000-7fa77a52e000 rw-p 00000000 00:00 0                          [stack:19603]
7fa77a52e000-7fa77a531000 ---p 00000000 00:00 0 
7fa77a531000-7fa77a660000 rw-p 00000000 00:00 0                          [stack:19602]
7fa77a660000-7fa77a69d000 r-xp 00000000 fc:01 25956530                   /lib/x86_64-linux-gnu/libpcre.so.3.13.1
7fa77a69d000-7fa77a89c000 ---p 0003d000 fc:01 25956530                   /lib/x86_64-linux-gnu/libpcre.so.3.13.1
7fa77a89c000-7fa77a89d000 r--p 0003c000 fc:01 25956530                   /lib/x86_64-linux-gnu/libpcre.so.3.13.1
7fa77a89d000-7fa77a89e000 rw-p 0003d000 fc:01 25956530                   /lib/x86_64-linux-gnu/libpcre.so.3.13.1
7fa77a8a0000-7fa77a8a7000 r-xp 00000000 fc:01 58589603                   /usr/lib/x86_64-linux-gnu/libffi.so.6.0.1
7fa77a8a7000-7fa77aaa6000 ---p 00007000 fc:01 58589603                   /usr/lib/x86_64-linux-gnu/libffi.so.6.0.1
7fa77aaa6000-7fa77aaa7000 r--p 00006000 fc:01 58589603                   /usr/lib/x86_64-linux-gnu/libffi.so.6.0.1
7fa77aaa7000-7fa77aaa8000 rw-p 00007000 fc:01 58589603                   /usr/lib/x86_64-linux-gnu/libffi.so.6.0.1
7fa77aaa8000-7fa77aabf000 r-xp 00000000 fc:01 25952271                   /lib/x86_64-linux-gnu/libresolv-2.19.so
7fa77aabf000-7fa77acbf000 ---p 00017000 fc:01 25952271                   /lib/x86_64-linux-gnu/libresolv-2.19.so
7fa77acbf000-7fa77acc0000 r--p 00017000 fc:01 25952271                   /lib/x86_64-linux-gnu/libresolv-2.19.so
7fa77acc0000-7fa77acc1000 rw-p 00018000 fc:01 25952271                   /lib/x86_64-linux-gnu/libresolv-2.19.so
7fa77acc1000-7fa77acc3000 rw-p 00000000 00:00 0 
7fa77acc8000-7fa77ace8000 r-xp 00000000 fc:01 25956557                   /lib/x86_64-linux-gnu/libselinux.so.1
7fa77ace8000-7fa77aee7000 ---p 00020000 fc:01 25956557                   /lib/x86_64-linux-gnu/libselinux.so.1
7fa77aee7000-7fa77aee8000 r--p 0001f000 fc:01 25956557                   /lib/x86_64-linux-gnu/libselinux.so.1
7fa77aee8000-7fa77aee9000 rw-p 00020000 fc:01 25956557                   /lib/x86_64-linux-gnu/libselinux.so.1
7fa77aee9000-7fa77aeeb000 rw-p 00000000 00:00 0 
7fa77aef0000-7fa77aef3000 r-xp 00000000 fc:01 58597204                   /usr/lib/x86_64-linux-gnu/libgmodule-2.0.so.0.4002.0
7fa77aef3000-7fa77b0f2000 ---p 00003000 fc:01 58597204                   /usr/lib/x86_64-linux-gnu/libgmodule-2.0.so.0.4002.0
7fa77b0f2000-7fa77b0f3000 r--p 00002000 fc:01 58597204                   /usr/lib/x86_64-linux-gnu/libgmodule-2.0.so.0.4002.0
7fa77b0f3000-7fa77b0f4000 rw-p 00003000 fc:01 58597204                   /usr/lib/x86_64-linux-gnu/libgmodule-2.0.so.0.4002.0
7fa77b0f8000-7fa77b1fe000 r-xp 00000000 fc:01 25956458                   /lib/x86_64-linux-gnu/libglib-2.0.so.0.4002.0
7fa77b1fe000-7fa77b3fd000 ---p 00106000 fc:01 25956458                   /lib/x86_64-linux-gnu/libglib-2.0.so.0.4002.0
7fa77b3fd000-7fa77b3fe000 r--p 00105000 fc:01 25956458                   /lib/x86_64-linux-gnu/libglib-2.0.so.0.4002.0
7fa77b3fe000-7fa77b3ff000 rw-p 00106000 fc:01 25956458                   /lib/x86_64-linux-gnu/libglib-2.0.so.0.4002.0
7fa77b3ff000-7fa77b400000 rw-p 00000000 00:00 0 
7fa77b400000-7fa77b44f000 r-xp 00000000 fc:01 58597220                   /usr/lib/x86_64-linux-gnu/libgobject-2.0.so.0.4002.0
7fa77b44f000-7fa77b64f000 ---p 0004f000 fc:01 58597220                   /usr/lib/x86_64-linux-gnu/libgobject-2.0.so.0.4002.0
7fa77b64f000-7fa77b650000 r--p 0004f000 fc:01 58597220                   /usr/lib/x86_64-linux-gnu/libgobject-2.0.so.0.4002.0
7fa77b650000-7fa77b651000 rw-p 00050000 fc:01 58597220                   /usr/lib/x86_64-linux-gnu/libgobject-2.0.so.0.4002.0
7fa77b658000-7fa77b7c4000 r-xp 00000000 fc:01 58597192                   /usr/lib/x86_64-linux-gnu/libgio-2.0.so.0.4002.0
7fa77b7c4000-7fa77b9c3000 ---p 0016c000 fc:01 58597192                   /usr/lib/x86_64-linux-gnu/libgio-2.0.so.0.4002.0
7fa77b9c3000-7fa77b9c7000 r--p 0016b000 fc:01 58597192                   /usr/lib/x86_64-linux-gnu/libgio-2.0.so.0.4002.0
7fa77b9c7000-7fa77b9c9000 rw-p 0016f000 fc:01 58597192                   /usr/lib/x86_64-linux-gnu/libgio-2.0.so.0.4002.0
7fa77b9c9000-7fa77b9cb000 rw-p 00000000 00:00 0 
7fa77b9d0000-7fa77b9e7000 r-xp 00000000 fc:01 263018                     /usr/lib/jvm/java-7-openjdk-amd64/jre/lib/amd64/libnet.so
7fa77b9e7000-7fa77bbe6000 ---p 00017000 fc:01 263018                     /usr/lib/jvm/java-7-openjdk-amd64/jre/lib/amd64/libnet.so
7fa77bbe6000-7fa77bbe7000 r--p 00016000 fc:01 263018                     /usr/lib/jvm/java-7-openjdk-amd64/jre/lib/amd64/libnet.so
7fa77bbe7000-7fa77bbe8000 rw-p 00017000 fc:01 263018                     /usr/lib/jvm/java-7-openjdk-amd64/jre/lib/amd64/libnet.so
7fa77bbe8000-7fa77bbf8000 r-xp 00000000 fc:01 263001                     /usr/lib/jvm/java-7-openjdk-amd64/jre/lib/amd64/libnio.so
7fa77bbf8000-7fa77bdf8000 ---p 00010000 fc:01 263001                     /usr/lib/jvm/java-7-openjdk-amd64/jre/lib/amd64/libnio.so
7fa77bdf8000-7fa77bdf9000 r--p 00010000 fc:01 263001                     /usr/lib/jvm/java-7-openjdk-amd64/jre/lib/amd64/libnio.so
7fa77bdf9000-7fa77bdfa000 rw-p 00011000 fc:01 263001                     /usr/lib/jvm/java-7-openjdk-amd64/jre/lib/amd64/libnio.so
7fa77bdfe000-7fa77bdff000 ---p 00000000 00:00 0 
7fa77bdff000-7fa77beff000 rw-p 00000000 00:00 0                          [stack:19596]
7fa77beff000-7fa77bf02000 ---p 00000000 00:00 0 
7fa77bf02000-7fa77c000000 rw-p 00000000 00:00 0                          [stack:19595]
7fa77c000000-7fa77c021000 rw-p 00000000 00:00 0 
7fa77c021000-7fa780000000 ---p 00000000 00:00 0 
7fa780010000-7fa780017000 r--s 00000000 fc:01 58986174                   /usr/lib/x86_64-linux-gnu/gconv/gconv-modules.cache
7fa780018000-7fa780047000 r--p 00000000 fc:01 60434812                   /usr/share/locale-langpack/ru/LC_MESSAGES/libc.mo
7fa78004e000-7fa78005b000 r--s 0006e000 00:1a 30804429                   /home/iborland/AndroidStudioProjects/JobFinder/app/build/intermediates/exploded-aar/com.google.android.gms/play-services-basement/8.4.0/jars/classes.jar
7fa78005f000-7fa78006e000 r--s 000df000 00:1a 29491782                   /home/iborland/Android/Sdk/build-tools/23.0.2/lib/dx.jar
7fa78006e000-7fa780070000 r--s 00006000 fc:01 58985538                   /usr/share/java/java-atk-wrapper.jar
7fa780077000-7fa78007a000 r--s 0000f000 fc:01 527250                     /usr/lib/jvm/java-7-openjdk-amd64/jre/lib/ext/icedtea-sound.jar
7fa78007d000-7fa780081000 r--s 00085000 fc:01 527245                     /usr/lib/jvm/java-7-openjdk-amd64/jre/lib/ext/localedata.jar
7fa780085000-7fa780088000 ---p 00000000 00:00 0 
7fa780088000-7fa780186000 rw-p 00000000 00:00 0                          [stack:19594]
7fa780186000-7fa780189000 ---p 00000000 00:00 0 
7fa780189000-7fa780287000 rw-p 00000000 00:00 0                          [stack:19593]
7fa780287000-7fa78028a000 ---p 00000000 00:00 0 
7fa78028a000-7fa780388000 rw-p 00000000 00:00 0                          [stack:19592]
7fa780388000-7fa780b9c000 r--p 00000000 fc:01 58595853                   /usr/lib/locale/locale-archive
7fa780ba0000-7fa780ba3000 ---p 00000000 00:00 0 
7fa780ba3000-7fa780ca1000 rw-p 00000000 00:00 0                          [stack:19584]
7fa780ca1000-7fa780ca4000 ---p 00000000 00:00 0 
7fa780ca4000-7fa780da2000 rw-p 00000000 00:00 0                          [stack:19583]
7fa780da2000-7fa780da3000 ---p 00000000 00:00 0 
7fa780da3000-7fa784000000 rw-p 00000000 00:00 0                          [stack:19581]
7fa784000000-7fa784021000 rw-p 00000000 00:00 0 
7fa784021000-7fa788000000 ---p 00000000 00:00 0 
7fa788002000-7fa788003000 r--s 00002000 fc:01 527249                     /usr/lib/jvm/java-7-openjdk-amd64/jre/lib/ext/dnsns.jar
7fa788008000-7fa7889ff000 rw-p 00000000 00:00 0 
7fa7889ff000-7fa788bb1000 r--s 01d2f000 fc:01 60175429                   /usr/lib/jvm/java-7-openjdk-amd64/jre/lib/rt.jar
7fa788bb3000-7fa788eff000 rw-p 00000000 00:00 0 
7fa788eff000-7fa788f00000 ---p 00000000 00:00 0 
7fa788f00000-7fa789000000 rw-p 00000000 00:00 0                          [stack:19578]
7fa789000000-7fa789270000 rwxp 00000000 00:00 0 
7fa789270000-7fa78c1bc000 rw-p 00000000 00:00 0 
7fa78c1bc000-7fa790000000 ---p 00000000 00:00 0 
7fa790005000-7fa790026000 rw-p 00000000 00:00 0 
7fa790026000-7fa790027000 ---p 00000000 00:00 0 
7fa790027000-7fa790127000 rw-p 00000000 00:00 0                          [stack:19577]
7fa790127000-7fa790128000 ---p 00000000 00:00 0 
7fa790128000-7fa790228000 rw-p 00000000 00:00 0                          [stack:19574]
7fa790228000-7fa790229000 ---p 00000000 00:00 0 
7fa790229000-7fa790329000 rw-p 00000000 00:00 0                          [stack:19571]
7fa790329000-7fa79032a000 ---p 00000000 00:00 0 
7fa79032a000-7fa79042a000 rw-p 00000000 00:00 0                          [stack:19569]
7fa79042a000-7fa79042b000 ---p 00000000 00:00 0 
7fa79042b000-7fa790536000 rw-p 00000000 00:00 0                          [stack:19568]
7fa790536000-7fa79057e000 rw-p 00000000 00:00 0 
7fa79057e000-7fa79059d000 rw-p 00000000 00:00 0 
7fa79059d000-7fa7906d4000 rw-p 00000000 00:00 0 
7fa7906d4000-7fa7906df000 rw-p 00000000 00:00 0 
7fa7906df000-7fa790727000 rw-p 00000000 00:00 0 
7fa790727000-7fa790746000 rw-p 00000000 00:00 0 
7fa790746000-7fa79087c000 rw-p 00000000 00:00 0 
7fa79087c000-7fa7908b0000 rw-p 00000000 00:00 0 
7fa7908b0000-7fa790927000 rw-p 00000000 00:00 0 
7fa790927000-7fa790928000 rw-p 00000000 00:00 0 
7fa790928000-7fa790930000 r-xp 00000000 fc:01 262996                     /usr/lib/jvm/java-7-openjdk-amd64/jre/lib/amd64/libzip.so
7fa790930000-7fa790b2f000 ---p 00008000 fc:01 262996                     /usr/lib/jvm/java-7-openjdk-amd64/jre/lib/amd64/libzip.so
7fa790b2f000-7fa790b30000 r--p 00007000 fc:01 262996                     /usr/lib/jvm/java-7-openjdk-amd64/jre/lib/amd64/libzip.so
7fa790b30000-7fa790b31000 rw-p 00008000 fc:01 262996                     /usr/lib/jvm/java-7-openjdk-amd64/jre/lib/amd64/libzip.so
7fa790b38000-7fa790b43000 r-xp 00000000 fc:01 25956718                   /lib/x86_64-linux-gnu/libnss_files-2.19.so
7fa790b43000-7fa790d42000 ---p 0000b000 fc:01 25956718                   /lib/x86_64-linux-gnu/libnss_files-2.19.so
7fa790d42000-7fa790d43000 r--p 0000a000 fc:01 25956718                   /lib/x86_64-linux-gnu/libnss_files-2.19.so
7fa790d43000-7fa790d44000 rw-p 0000b000 fc:01 25956718                   /lib/x86_64-linux-gnu/libnss_files-2.19.so
7fa790d48000-7fa790d53000 r-xp 00000000 fc:01 25956710                   /lib/x86_64-linux-gnu/libnss_nis-2.19.so
7fa790d53000-7fa790f52000 ---p 0000b000 fc:01 25956710                   /lib/x86_64-linux-gnu/libnss_nis-2.19.so
7fa790f52000-7fa790f53000 r--p 0000a000 fc:01 25956710                   /lib/x86_64-linux-gnu/libnss_nis-2.19.so
7fa790f53000-7fa790f54000 rw-p 0000b000 fc:01 25956710                   /lib/x86_64-linux-gnu/libnss_nis-2.19.so
7fa790f58000-7fa790f6f000 r-xp 00000000 fc:01 25956706                   /lib/x86_64-linux-gnu/libnsl-2.19.so
7fa790f6f000-7fa79116e000 ---p 00017000 fc:01 25956706                   /lib/x86_64-linux-gnu/libnsl-2.19.so
7fa79116e000-7fa79116f000 r--p 00016000 fc:01 25956706                   /lib/x86_64-linux-gnu/libnsl-2.19.so
7fa79116f000-7fa791170000 rw-p 00017000 fc:01 25956706                   /lib/x86_64-linux-gnu/libnsl-2.19.so
7fa791170000-7fa791172000 rw-p 00000000 00:00 0 
7fa791178000-7fa791181000 r-xp 00000000 fc:01 25956705                   /lib/x86_64-linux-gnu/libnss_compat-2.19.so
7fa791181000-7fa791380000 ---p 00009000 fc:01 25956705                   /lib/x86_64-linux-gnu/libnss_compat-2.19.so
7fa791380000-7fa791381000 r--p 00008000 fc:01 25956705                   /lib/x86_64-linux-gnu/libnss_compat-2.19.so
7fa791381000-7fa791382000 rw-p 00009000 fc:01 25956705                   /lib/x86_64-linux-gnu/libnss_compat-2.19.so
7fa791388000-7fa7913b3000 r-xp 00000000 fc:01 263014                     /usr/lib/jvm/java-7-openjdk-amd64/jre/lib/amd64/libjava.so
7fa7913b3000-7fa7915b3000 ---p 0002b000 fc:01 263014                     /usr/lib/jvm/java-7-openjdk-amd64/jre/lib/amd64/libjava.so
7fa7915b3000-7fa7915b4000 r--p 0002b000 fc:01 263014                     /usr/lib/jvm/java-7-openjdk-amd64/jre/lib/amd64/libjava.so
7fa7915b4000-7fa7915b6000 rw-p 0002c000 fc:01 263014                     /usr/lib/jvm/java-7-openjdk-amd64/jre/lib/amd64/libjava.so
7fa7915b8000-7fa7915c8000 r-xp 00000000 fc:01 262999                     /usr/lib/jvm/java-7-openjdk-amd64/jre/lib/amd64/libverify.so
7fa7915c8000-7fa7917c7000 ---p 00010000 fc:01 262999                     /usr/lib/jvm/java-7-openjdk-amd64/jre/lib/amd64/libverify.so
7fa7917c7000-7fa7917c9000 r--p 0000f000 fc:01 262999                     /usr/lib/jvm/java-7-openjdk-amd64/jre/lib/amd64/libverify.so
7fa7917c9000-7fa7917ca000 rw-p 00011000 fc:01 262999                     /usr/lib/jvm/java-7-openjdk-amd64/jre/lib/amd64/libverify.so
7fa7917d0000-7fa7917d7000 r-xp 00000000 fc:01 25956714                   /lib/x86_64-linux-gnu/librt-2.19.so
7fa7917d7000-7fa7919d6000 ---p 00007000 fc:01 25956714                   /lib/x86_64-linux-gnu/librt-2.19.so
7fa7919d6000-7fa7919d7000 r--p 00006000 fc:01 25956714                   /lib/x86_64-linux-gnu/librt-2.19.so
7fa7919d7000-7fa7919d8000 rw-p 00007000 fc:01 25956714                   /lib/x86_64-linux-gnu/librt-2.19.so
7fa7919d8000-7fa7919ee000 r-xp 00000000 fc:01 25956404                   /lib/x86_64-linux-gnu/libgcc_s.so.1
7fa7919ee000-7fa791bed000 ---p 00016000 fc:01 25956404                   /lib/x86_64-linux-gnu/libgcc_s.so.1
7fa791bed000-7fa791bee000 rw-p 00015000 fc:01 25956404                   /lib/x86_64-linux-gnu/libgcc_s.so.1
7fa791bf0000-7fa791cf5000 r-xp 00000000 fc:01 25956700                   /lib/x86_64-linux-gnu/libm-2.19.so
7fa791cf5000-7fa791ef4000 ---p 00105000 fc:01 25956700                   /lib/x86_64-linux-gnu/libm-2.19.so
7fa791ef4000-7fa791ef5000 r--p 00104000 fc:01 25956700                   /lib/x86_64-linux-gnu/libm-2.19.so
7fa791ef5000-7fa791ef6000 rw-p 00105000 fc:01 25956700                   /lib/x86_64-linux-gnu/libm-2.19.so
7fa791ef8000-7fa791fde000 r-xp 00000000 fc:01 58589207                   /usr/lib/x86_64-linux-gnu/libstdc++.so.6.0.19
7fa791fde000-7fa7921dd000 ---p 000e6000 fc:01 58589207                   /usr/lib/x86_64-linux-gnu/libstdc++.so.6.0.19
7fa7921dd000-7fa7921e5000 r--p 000e5000 fc:01 58589207                   /usr/lib/x86_64-linux-gnu/libstdc++.so.6.0.19
7fa7921e5000-7fa7921e7000 rw-p 000ed000 fc:01 58589207                   /usr/lib/x86_64-linux-gnu/libstdc++.so.6.0.19
7fa7921e7000-7fa7921fc000 rw-p 00000000 00:00 0 
7fa792200000-7fa792d25000 r-xp 00000000 fc:01 397490                     /usr/lib/jvm/java-7-openjdk-amd64/jre/lib/amd64/server/libjvm.so
7fa792d25000-7fa792f25000 ---p 00b25000 fc:01 397490                     /usr/lib/jvm/java-7-openjdk-amd64/jre/lib/amd64/server/libjvm.so
7fa792f25000-7fa792fbf000 r--p 00b25000 fc:01 397490                     /usr/lib/jvm/java-7-openjdk-amd64/jre/lib/amd64/server/libjvm.so
7fa792fbf000-7fa792fe2000 rw-p 00bbf000 fc:01 397490                     /usr/lib/jvm/java-7-openjdk-amd64/jre/lib/amd64/server/libjvm.so
7fa792fe2000-7fa793010000 rw-p 00000000 00:00 0 
7fa793010000-7fa793028000 r-xp 00000000 fc:01 25956590                   /lib/x86_64-linux-gnu/libz.so.1.2.8
7fa793028000-7fa793227000 ---p 00018000 fc:01 25956590                   /lib/x86_64-linux-gnu/libz.so.1.2.8
7fa793227000-7fa793228000 r--p 00017000 fc:01 25956590                   /lib/x86_64-linux-gnu/libz.so.1.2.8
7fa793228000-7fa793229000 rw-p 00018000 fc:01 25956590                   /lib/x86_64-linux-gnu/libz.so.1.2.8
7fa793230000-7fa793249000 r-xp 00000000 fc:01 25956707                   /lib/x86_64-linux-gnu/libpthread-2.19.so
7fa793249000-7fa793448000 ---p 00019000 fc:01 25956707                   /lib/x86_64-linux-gnu/libpthread-2.19.so
7fa793448000-7fa793449000 r--p 00018000 fc:01 25956707                   /lib/x86_64-linux-gnu/libpthread-2.19.so
7fa793449000-7fa79344a000 rw-p 00019000 fc:01 25956707                   /lib/x86_64-linux-gnu/libpthread-2.19.so
7fa79344a000-7fa79344e000 rw-p 00000000 00:00 0 
7fa793450000-7fa793453000 r-xp 00000000 fc:01 25956702                   /lib/x86_64-linux-gnu/libdl-2.19.so
7fa793453000-7fa793652000 ---p 00003000 fc:01 25956702                   /lib/x86_64-linux-gnu/libdl-2.19.so
7fa793652000-7fa793653000 r--p 00002000 fc:01 25956702                   /lib/x86_64-linux-gnu/libdl-2.19.so
7fa793653000-7fa793654000 rw-p 00003000 fc:01 25956702                   /lib/x86_64-linux-gnu/libdl-2.19.so
7fa793658000-7fa793813000 r-xp 00000000 fc:01 25956715                   /lib/x86_64-linux-gnu/libc-2.19.so
7fa793813000-7fa793a12000 ---p 001bb000 fc:01 25956715                   /lib/x86_64-linux-gnu/libc-2.19.so
7fa793a12000-7fa793a16000 r--p 001ba000 fc:01 25956715                   /lib/x86_64-linux-gnu/libc-2.19.so
7fa793a16000-7fa793a18000 rw-p 001be000 fc:01 25956715                   /lib/x86_64-linux-gnu/libc-2.19.so
7fa793a18000-7fa793a1d000 rw-p 00000000 00:00 0 
7fa793a20000-7fa793a2d000 r-xp 00000000 fc:01 397488                     /usr/lib/jvm/java-7-openjdk-amd64/jre/lib/amd64/jli/libjli.so
7fa793a2d000-7fa793c2c000 ---p 0000d000 fc:01 397488                     /usr/lib/jvm/java-7-openjdk-amd64/jre/lib/amd64/jli/libjli.so
7fa793c2c000-7fa793c2d000 r--p 0000c000 fc:01 397488                     /usr/lib/jvm/java-7-openjdk-amd64/jre/lib/amd64/jli/libjli.so
7fa793c2d000-7fa793c2e000 rw-p 0000d000 fc:01 397488                     /usr/lib/jvm/java-7-openjdk-amd64/jre/lib/amd64/jli/libjli.so
7fa793c30000-7fa793c53000 r-xp 00000000 fc:01 25956708                   /lib/x86_64-linux-gnu/ld-2.19.so
7fa793c5a000-7fa793c5c000 r--s 00012000 fc:01 527247                     /usr/lib/jvm/java-7-openjdk-amd64/jre/lib/ext/zipfs.jar
7fa793c5c000-7fa793c60000 r--s 0003c000 fc:01 527248                     /usr/lib/jvm/java-7-openjdk-amd64/jre/lib/ext/sunpkcs11.jar
7fa793c64000-7fa793c68000 r--s 00034000 fc:01 527246                     /usr/lib/jvm/java-7-openjdk-amd64/jre/lib/ext/sunjce_provider.jar
7fa793c68000-7fa793c8a000 rw-p 00000000 00:00 0 
7fa793c8a000-7fa793d40000 rw-p 00000000 00:00 0 
7fa793d40000-7fa793d48000 rw-s 00000000 fc:01 56623252                   /tmp/hsperfdata_iborland/19558
7fa793d4d000-7fa793d4f000 rw-p 00000000 00:00 0 
7fa793d4f000-7fa793d52000 ---p 00000000 00:00 0 
7fa793d52000-7fa793e52000 rw-p 00000000 00:00 0                          [stack:19564]
7fa793e52000-7fa793e53000 r--p 00022000 fc:01 25956708                   /lib/x86_64-linux-gnu/ld-2.19.so
7fa793e53000-7fa793e54000 rw-p 00023000 fc:01 25956708                   /lib/x86_64-linux-gnu/ld-2.19.so
7fa793e54000-7fa793e55000 rw-p 00000000 00:00 0 
7fa793e55000-7fa793e56000 ---p 00000000 00:00 0 
7fa793e56000-7fa793e5b000 rw-p 00000000 00:00 0 
7ffdcb07a000-7ffdcb09b000 rw-p 00000000 00:00 0                          [stack]
7ffdcb1e8000-7ffdcb1ea000 r--p 00000000 00:00 0                          [vvar]
7ffdcb1ea000-7ffdcb1ec000 r-xp 00000000 00:00 0                          [vdso]
ffffffffff600000-ffffffffff601000 r-xp 00000000 00:00 0                  [vsyscall]

VM Arguments:
jvm_args: -Djava.awt.headless=true -Xmx1024M -Dfile.encoding=UTF-8 -Duser.country=RU -Duser.language=ru -Duser.variant 
java_command: com.android.dx.command.Main --dex --num-threads=4 --output /home/iborland/AndroidStudioProjects/JobFinder/app/build/intermediates/pre-dexed/debug/com.google.android.gms-play-services-basement-8.4.0_8cdf1aa94e41747b4c56d94424bd38fd282ec95a.jar /home/iborland/AndroidStudioProjects/JobFinder/app/build/intermediates/exploded-aar/com.google.android.gms/play-services-basement/8.4.0/jars/classes.jar
Launcher Type: SUN_STANDARD

Environment Variables:
PATH=/usr/local/sbin:/usr/local/bin:/usr/sbin:/usr/bin:/sbin:/bin:/usr/games:/usr/local/games
LD_LIBRARY_PATH=.:
SHELL=/bin/bash
DISPLAY=:0

Signal Handlers:
SIGSEGV: [libjvm.so+0x955bc0], sa_mask[0]=0x7ffbfeff, sa_flags=0x10000004
SIGBUS: [libjvm.so+0x955bc0], sa_mask[0]=0x7ffbfeff, sa_flags=0x10000004
SIGFPE: [libjvm.so+0x7caff0], sa_mask[0]=0x7ffbfeff, sa_flags=0x10000004
SIGPIPE: [libjvm.so+0x7caff0], sa_mask[0]=0x7ffbfeff, sa_flags=0x10000004
SIGXFSZ: [libjvm.so+0x7caff0], sa_mask[0]=0x7ffbfeff, sa_flags=0x10000004
SIGILL: [libjvm.so+0x7caff0], sa_mask[0]=0x7ffbfeff, sa_flags=0x10000004
SIGUSR1: SIG_DFL, sa_mask[0]=0x00000000, sa_flags=0x00000000
SIGUSR2: [libjvm.so+0x7cae90], sa_mask[0]=0x00000004, sa_flags=0x10000004
SIGHUP: [libjvm.so+0x7cb070], sa_mask[0]=0x7ffbfeff, sa_flags=0x10000004
SIGINT: [libjvm.so+0x7cb070], sa_mask[0]=0x7ffbfeff, sa_flags=0x10000004
SIGTERM: [libjvm.so+0x7cb070], sa_mask[0]=0x7ffbfeff, sa_flags=0x10000004
SIGQUIT: [libjvm.so+0x7cb070], sa_mask[0]=0x7ffbfeff, sa_flags=0x10000004
SIGTRAP: SIG_DFL, sa_mask[0]=0x00000000, sa_flags=0x00000000


---------------  S Y S T E M  ---------------

OS:Ubuntu 14.04 (trusty)
uname:Linux 3.19.0-56-generic #62~14.04.1-Ubuntu SMP Fri Mar 11 11:03:15 UTC 2016 x86_64
libc:glibc 2.19 NPTL 2.19 
rlimit: STACK 8192k, CORE 0k, NPROC 23421, NOFILE 4096, AS infinity
load average:55,25 20,36 9,33

/proc/meminfo:
MemTotal:        6093648 kB
MemFree:          109612 kB
MemAvailable:      53132 kB
Buffers:             520 kB
Cached:           113388 kB
SwapCached:            0 kB
Active:          5582568 kB
Inactive:         108308 kB
Active(anon):    5578720 kB
Inactive(anon):   104336 kB
Active(file):       3848 kB
Inactive(file):     3972 kB
Unevictable:        2480 kB
Mlocked:            2480 kB
SwapTotal:             0 kB
SwapFree:              0 kB
Dirty:                52 kB
Writeback:             4 kB
AnonPages:       5579756 kB
Mapped:           148748 kB
Shmem:            105780 kB
Slab:             111348 kB
SReclaimable:      48160 kB
SUnreclaim:        63188 kB
KernelStack:       14864 kB
PageTables:        55936 kB
NFS_Unstable:          0 kB
Bounce:                0 kB
WritebackTmp:          0 kB
CommitLimit:     3046824 kB
Committed_AS:   12230024 kB
VmallocTotal:   34359738367 kB
VmallocUsed:      317688 kB
VmallocChunk:   34359408636 kB
HardwareCorrupted:     0 kB
AnonHugePages:   2363392 kB
CmaTotal:              0 kB
CmaFree:               0 kB
HugePages_Total:       0
HugePages_Free:        0
HugePages_Rsvd:        0
HugePages_Surp:        0
Hugepagesize:       2048 kB
DirectMap4k:      336384 kB
DirectMap2M:     5937152 kB
DirectMap1G:           0 kB


CPU:total 6 (6 cores per cpu, 1 threads per core) family 21 model 2 stepping 0, cmov, cx8, fxsr, mmx, sse, sse2, sse3, ssse3, sse4.1, sse4.2, popcnt, avx, aes, mmxext, 3dnowpref, lzcnt, sse4a, tsc, tscinvbit, tscinv

/proc/cpuinfo:
processor	: 0
vendor_id	: AuthenticAMD
cpu family	: 21
model		: 2
model name	: AMD FX(tm)-6300 Six-Core Processor
stepping	: 0
microcode	: 0x600081c
cpu MHz		: 3500.000
cache size	: 2048 KB
physical id	: 0
siblings	: 6
core id		: 0
cpu cores	: 3
apicid		: 16
initial apicid	: 0
fpu		: yes
fpu_exception	: yes
cpuid level	: 13
wp		: yes
flags		: fpu vme de pse tsc msr pae mce cx8 apic sep mtrr pge mca cmov pat pse36 clflush mmx fxsr sse sse2 ht syscall nx mmxext fxsr_opt pdpe1gb rdtscp lm constant_tsc rep_good nopl nonstop_tsc extd_apicid aperfmperf pni pclmulqdq monitor ssse3 fma cx16 sse4_1 sse4_2 popcnt aes xsave avx f16c lahf_lm cmp_legacy svm extapic cr8_legacy abm sse4a misalignsse 3dnowprefetch osvw ibs xop skinit wdt lwp fma4 tce nodeid_msr tbm topoext perfctr_core perfctr_nb arat cpb hw_pstate npt lbrv svm_lock nrip_save tsc_scale vmcb_clean flushbyasid decodeassists pausefilter pfthreshold vmmcall bmi1
bugs		: fxsave_leak
bogomips	: 7031.98
TLB size	: 1536 4K pages
clflush size	: 64
cache_alignment	: 64
address sizes	: 48 bits physical, 48 bits virtual
power management: ts ttp tm 100mhzsteps hwpstate cpb eff_freq_ro

processor	: 1
vendor_id	: AuthenticAMD
cpu family	: 21
model		: 2
model name	: AMD FX(tm)-6300 Six-Core Processor             
stepping	: 0
microcode	: 0x600081c
cpu MHz		: 1400.000
cache size	: 2048 KB
physical id	: 0
siblings	: 6
core id		: 1
cpu cores	: 3
apicid		: 17
initial apicid	: 1
fpu		: yes
fpu_exception	: yes
cpuid level	: 13
wp		: yes
flags		: fpu vme de pse tsc msr pae mce cx8 apic sep mtrr pge mca cmov pat pse36 clflush mmx fxsr sse sse2 ht syscall nx mmxext fxsr_opt pdpe1gb rdtscp lm constant_tsc rep_good nopl nonstop_tsc extd_apicid aperfmperf pni pclmulqdq monitor ssse3 fma cx16 sse4_1 sse4_2 popcnt aes xsave avx f16c lahf_lm cmp_legacy svm extapic cr8_legacy abm sse4a misalignsse 3dnowprefetch osvw ibs xop skinit wdt lwp fma4 tce nodeid_msr tbm topoext perfctr_core perfctr_nb arat cpb hw_pstate npt lbrv svm_lock nrip_save tsc_scale vmcb_clean flushbyasid decodeassists pausefilter pfthreshold vmmcall bmi1
bugs		: fxsave_leak
bogomips	: 7031.98
TLB size	: 1536 4K pages
clflush size	: 64
cache_alignment	: 64
address sizes	: 48 bits physical, 48 bits virtual
power management: ts ttp tm 100mhzsteps hwpstate cpb eff_freq_ro

processor	: 2
vendor_id	: AuthenticAMD
cpu family	: 21
model		: 2
model name	: AMD FX(tm)-6300 Six-Core Processor             
stepping	: 0
microcode	: 0x600081c
cpu MHz		: 1400.000
cache size	: 2048 KB
physical id	: 0
siblings	: 6
core id		: 2
cpu cores	: 3
apicid		: 18
initial apicid	: 2
fpu		: yes
fpu_exception	: yes
cpuid level	: 13
wp		: yes
flags		: fpu vme de pse tsc msr pae mce cx8 apic sep mtrr pge mca cmov pat pse36 clflush mmx fxsr sse sse2 ht syscall nx mmxext fxsr_opt pdpe1gb rdtscp lm constant_tsc rep_good nopl nonstop_tsc extd_apicid aperfmperf pni pclmulqdq monitor ssse3 fma cx16 sse4_1 sse4_2 popcnt aes xsave avx f16c lahf_lm cmp_legacy svm extapic cr8_legacy abm sse4a misalignsse 3dnowprefetch osvw ibs xop skinit wdt lwp fma4 tce nodeid_msr tbm topoext perfctr_core perfctr_nb arat cpb hw_pstate npt lbrv svm_lock nrip_save tsc_scale vmcb_clean flushbyasid decodeassists pausefilter pfthreshold vmmcall bmi1
bugs		: fxsave_leak
bogomips	: 7031.98
TLB size	: 1536 4K pages
clflush size	: 64
cache_alignment	: 64
address sizes	: 48 bits physical, 48 bits virtual
power management: ts ttp tm 100mhzsteps hwpstate cpb eff_freq_ro

processor	: 3
vendor_id	: AuthenticAMD
cpu family	: 21
model		: 2
model name	: AMD FX(tm)-6300 Six-Core Processor             
stepping	: 0
microcode	: 0x600081c
cpu MHz		: 2000.000
cache size	: 2048 KB
physical id	: 0
siblings	: 6
core id		: 3
cpu cores	: 3
apicid		: 19
initial apicid	: 3
fpu		: yes
fpu_exception	: yes
cpuid level	: 13
wp		: yes
flags		: fpu vme de pse tsc msr pae mce cx8 apic sep mtrr pge mca cmov pat pse36 clflush mmx fxsr sse sse2 ht syscall nx mmxext fxsr_opt pdpe1gb rdtscp lm constant_tsc rep_good nopl nonstop_tsc extd_apicid aperfmperf pni pclmulqdq monitor ssse3 fma cx16 sse4_1 sse4_2 popcnt aes xsave avx f16c lahf_lm cmp_legacy svm extapic cr8_legacy abm sse4a misalignsse 3dnowprefetch osvw ibs xop skinit wdt lwp fma4 tce nodeid_msr tbm topoext perfctr_core perfctr_nb arat cpb hw_pstate npt lbrv svm_lock nrip_save tsc_scale vmcb_clean flushbyasid decodeassists pausefilter pfthreshold vmmcall bmi1
bugs		: fxsave_leak
bogomips	: 7031.98
TLB size	: 1536 4K pages
clflush size	: 64
cache_alignment	: 64
address sizes	: 48 bits physical, 48 bits virtual
power management: ts ttp tm 100mhzsteps hwpstate cpb eff_freq_ro

processor	: 4
vendor_id	: AuthenticAMD
cpu family	: 21
model		: 2
model name	: AMD FX(tm)-6300 Six-Core Processor             
stepping	: 0
microcode	: 0x600081c
cpu MHz		: 1400.000
cache size	: 2048 KB
physical id	: 0
siblings	: 6
core id		: 4
cpu cores	: 3
apicid		: 20
initial apicid	: 4
fpu		: yes
fpu_exception	: yes
cpuid level	: 13
wp		: yes
flags		: fpu vme de pse tsc msr pae mce cx8 apic sep mtrr pge mca cmov pat pse36 clflush mmx fxsr sse sse2 ht syscall nx mmxext fxsr_opt pdpe1gb rdtscp lm constant_tsc rep_good nopl nonstop_tsc extd_apicid aperfmperf pni pclmulqdq monitor ssse3 fma cx16 sse4_1 sse4_2 popcnt aes xsave avx f16c lahf_lm cmp_legacy svm extapic cr8_legacy abm sse4a misalignsse 3dnowprefetch osvw ibs xop skinit wdt lwp fma4 tce nodeid_msr tbm topoext perfctr_core perfctr_nb arat cpb hw_pstate npt lbrv svm_lock nrip_save tsc_scale vmcb_clean flushbyasid decodeassists pausefilter pfthreshold vmmcall bmi1
bugs		: fxsave_leak
bogomips	: 7031.98
TLB size	: 1536 4K pages
clflush size	: 64
cache_alignment	: 64
address sizes	: 48 bits physical, 48 bits virtual
power management: ts ttp tm 100mhzsteps hwpstate cpb eff_freq_ro

processor	: 5
vendor_id	: AuthenticAMD
cpu family	: 21
model		: 2
model name	: AMD FX(tm)-6300 Six-Core Processor             
stepping	: 0
microcode	: 0x600081c
cpu MHz		: 1400.000
cache size	: 2048 KB
physical id	: 0
siblings	: 6
core id		: 5
cpu cores	: 3
apicid		: 21
initial apicid	: 5
fpu		: yes
fpu_exception	: yes
cpuid level	: 13
wp		: yes
flags		: fpu vme de pse tsc msr pae mce cx8 apic sep mtrr pge mca cmov pat pse36 clflush mmx fxsr sse sse2 ht syscall nx mmxext fxsr_opt pdpe1gb rdtscp lm constant_tsc rep_good nopl nonstop_tsc extd_apicid aperfmperf pni pclmulqdq monitor ssse3 fma cx16 sse4_1 sse4_2 popcnt aes xsave avx f16c lahf_lm cmp_legacy svm extapic cr8_legacy abm sse4a misalignsse 3dnowprefetch osvw ibs xop skinit wdt lwp fma4 tce nodeid_msr tbm topoext perfctr_core perfctr_nb arat cpb hw_pstate npt lbrv svm_lock nrip_save tsc_scale vmcb_clean flushbyasid decodeassists pausefilter pfthreshold vmmcall bmi1
bugs		: fxsave_leak
bogomips	: 7031.98
TLB size	: 1536 4K pages
clflush size	: 64
cache_alignment	: 64
address sizes	: 48 bits physical, 48 bits virtual
power management: ts ttp tm 100mhzsteps hwpstate cpb eff_freq_ro



Memory: 4k page, physical 6093648k(109864k free), swap 0k(0k free)

vm_info: OpenJDK 64-Bit Server VM (24.95-b01) for linux-amd64 JRE (1.7.0_95-b00), built on Jan 21 2016 03:31:40 by "buildd" with gcc 4.8.4

time: Wed Mar 23 19:05:40 2016
elapsed time: 112 seconds

